The system is: Linux - 4.4.0-130-generic - x86_64
Compiling the C compiler identification source file "CMakeCCompilerId.c" succeeded.
Compiler: /usr/bin/cc 
Build flags: 
Id flags: 

The output was:
0


Compilation of the C compiler identification source "CMakeCCompilerId.c" produced "a.out"

The C compiler identification is GNU, found in "/fs03/share/users/mathieu.badoux/home/tp_skinning/CMakeFiles/2.8.12.2/CompilerIdC/a.out"

Compiling the CXX compiler identification source file "CMakeCXXCompilerId.cpp" succeeded.
Compiler: /usr/bin/c++ 
Build flags: 
Id flags: 

The output was:
0


Compilation of the CXX compiler identification source "CMakeCXXCompilerId.cpp" produced "a.out"

The CXX compiler identification is GNU, found in "/fs03/share/users/mathieu.badoux/home/tp_skinning/CMakeFiles/2.8.12.2/CompilerIdCXX/a.out"

Determining if the C compiler works passed with the following output:
Change Dir: /fs03/share/users/mathieu.badoux/home/tp_skinning/CMakeFiles/CMakeTmp

Run Build Command:/usr/bin/make "cmTryCompileExec181138054/fast"
make: AVERTISSEMENT: fichier « Makefile » a une date de modification 0,058 dans le futur
/usr/bin/make -f CMakeFiles/cmTryCompileExec181138054.dir/build.make CMakeFiles/cmTryCompileExec181138054.dir/build
make[1]: entrant dans le répertoire « /fs03/share/users/mathieu.badoux/home/tp_skinning/CMakeFiles/CMakeTmp »
make[1]: AVERTISSEMENT: fichier « CMakeFiles/cmTryCompileExec181138054.dir/flags.make » a une date de modification 0,055 dans le futur
/usr/bin/cmake -E cmake_progress_report /fs03/share/users/mathieu.badoux/home/tp_skinning/CMakeFiles/CMakeTmp/CMakeFiles 1
Building C object CMakeFiles/cmTryCompileExec181138054.dir/testCCompiler.c.o
/usr/bin/cc    -o CMakeFiles/cmTryCompileExec181138054.dir/testCCompiler.c.o   -c /fs03/share/users/mathieu.badoux/home/tp_skinning/CMakeFiles/CMakeTmp/testCCompiler.c
Linking C executable cmTryCompileExec181138054
/usr/bin/cmake -E cmake_link_script CMakeFiles/cmTryCompileExec181138054.dir/link.txt --verbose=1
/usr/bin/cc       CMakeFiles/cmTryCompileExec181138054.dir/testCCompiler.c.o  -o cmTryCompileExec181138054 -rdynamic 
make[1]: quittant le répertoire « /fs03/share/users/mathieu.badoux/home/tp_skinning/CMakeFiles/CMakeTmp »
make[1]: AVERTISSEMENT : décalage d'horloge détecté. La construction peut être incomplète.
make: AVERTISSEMENT : décalage d'horloge détecté. La construction peut être incomplète.


Detecting C compiler ABI info compiled with the following output:
Change Dir: /fs03/share/users/mathieu.badoux/home/tp_skinning/CMakeFiles/CMakeTmp

Run Build Command:/usr/bin/make "cmTryCompileExec3994852462/fast"
make: AVERTISSEMENT: fichier « Makefile » a une date de modification 0,055 dans le futur
/usr/bin/make -f CMakeFiles/cmTryCompileExec3994852462.dir/build.make CMakeFiles/cmTryCompileExec3994852462.dir/build
make[1]: entrant dans le répertoire « /fs03/share/users/mathieu.badoux/home/tp_skinning/CMakeFiles/CMakeTmp »
make[1]: AVERTISSEMENT: fichier « CMakeFiles/cmTryCompileExec3994852462.dir/flags.make » a une date de modification 0,045 dans le futur
/usr/bin/cmake -E cmake_progress_report /fs03/share/users/mathieu.badoux/home/tp_skinning/CMakeFiles/CMakeTmp/CMakeFiles 1
Building C object CMakeFiles/cmTryCompileExec3994852462.dir/CMakeCCompilerABI.c.o
/usr/bin/cc    -o CMakeFiles/cmTryCompileExec3994852462.dir/CMakeCCompilerABI.c.o   -c /usr/share/cmake-2.8/Modules/CMakeCCompilerABI.c
Linking C executable cmTryCompileExec3994852462
/usr/bin/cmake -E cmake_link_script CMakeFiles/cmTryCompileExec3994852462.dir/link.txt --verbose=1
/usr/bin/cc     -v CMakeFiles/cmTryCompileExec3994852462.dir/CMakeCCompilerABI.c.o  -o cmTryCompileExec3994852462 -rdynamic  
Using built-in specs.
COLLECT_GCC=/usr/bin/cc
COLLECT_LTO_WRAPPER=/usr/lib/gcc/x86_64-linux-gnu/4.8/lto-wrapper
Target: x86_64-linux-gnu
Configured with: ../src/configure -v --with-pkgversion='Ubuntu 4.8.4-2ubuntu1~14.04.4' --with-bugurl=file:///usr/share/doc/gcc-4.8/README.Bugs --enable-languages=c,c++,java,go,d,fortran,objc,obj-c++ --prefix=/usr --program-suffix=-4.8 --enable-shared --enable-linker-build-id --libexecdir=/usr/lib --without-included-gettext --enable-threads=posix --with-gxx-include-dir=/usr/include/c++/4.8 --libdir=/usr/lib --enable-nls --with-sysroot=/ --enable-clocale=gnu --enable-libstdcxx-debug --enable-libstdcxx-time=yes --enable-gnu-unique-object --disable-libmudflap --enable-plugin --with-system-zlib --disable-browser-plugin --enable-java-awt=gtk --enable-gtk-cairo --with-java-home=/usr/lib/jvm/java-1.5.0-gcj-4.8-amd64/jre --enable-java-home --with-jvm-root-dir=/usr/lib/jvm/java-1.5.0-gcj-4.8-amd64 --with-jvm-jar-dir=/usr/lib/jvm-exports/java-1.5.0-gcj-4.8-amd64 --with-arch-directory=amd64 --with-ecj-jar=/usr/share/java/eclipse-ecj.jar --enable-objc-gc --enable-multiarch --disable-werror --with-arch-32=i686 --with-abi=m64 --with-multilib-list=m32,m64,mx32 --with-tune=generic --enable-checking=release --build=x86_64-linux-gnu --host=x86_64-linux-gnu --target=x86_64-linux-gnu
Thread model: posix
gcc version 4.8.4 (Ubuntu 4.8.4-2ubuntu1~14.04.4) 
COMPILER_PATH=/usr/lib/gcc/x86_64-linux-gnu/4.8/:/usr/lib/gcc/x86_64-linux-gnu/4.8/:/usr/lib/gcc/x86_64-linux-gnu/:/usr/lib/gcc/x86_64-linux-gnu/4.8/:/usr/lib/gcc/x86_64-linux-gnu/
LIBRARY_PATH=/usr/lib/gcc/x86_64-linux-gnu/4.8/:/usr/lib/gcc/x86_64-linux-gnu/4.8/../../../x86_64-linux-gnu/:/usr/lib/gcc/x86_64-linux-gnu/4.8/../../../../lib/:/lib/x86_64-linux-gnu/:/lib/../lib/:/usr/lib/x86_64-linux-gnu/:/usr/lib/../lib/:/usr/lib/gcc/x86_64-linux-gnu/4.8/../../../:/lib/:/usr/lib/
COLLECT_GCC_OPTIONS='-v' '-o' 'cmTryCompileExec3994852462' '-rdynamic' '-mtune=generic' '-march=x86-64'
 /usr/lib/gcc/x86_64-linux-gnu/4.8/collect2 --sysroot=/ --build-id --eh-frame-hdr -m elf_x86_64 --hash-style=gnu --as-needed -export-dynamic -dynamic-linker /lib64/ld-linux-x86-64.so.2 -z relro -o cmTryCompileExec3994852462 /usr/lib/gcc/x86_64-linux-gnu/4.8/../../../x86_64-linux-gnu/crt1.o /usr/lib/gcc/x86_64-linux-gnu/4.8/../../../x86_64-linux-gnu/crti.o /usr/lib/gcc/x86_64-linux-gnu/4.8/crtbegin.o -L/usr/lib/gcc/x86_64-linux-gnu/4.8 -L/usr/lib/gcc/x86_64-linux-gnu/4.8/../../../x86_64-linux-gnu -L/usr/lib/gcc/x86_64-linux-gnu/4.8/../../../../lib -L/lib/x86_64-linux-gnu -L/lib/../lib -L/usr/lib/x86_64-linux-gnu -L/usr/lib/../lib -L/usr/lib/gcc/x86_64-linux-gnu/4.8/../../.. CMakeFiles/cmTryCompileExec3994852462.dir/CMakeCCompilerABI.c.o -lgcc --as-needed -lgcc_s --no-as-needed -lc -lgcc --as-needed -lgcc_s --no-as-needed /usr/lib/gcc/x86_64-linux-gnu/4.8/crtend.o /usr/lib/gcc/x86_64-linux-gnu/4.8/../../../x86_64-linux-gnu/crtn.o
make[1]: quittant le répertoire « /fs03/share/users/mathieu.badoux/home/tp_skinning/CMakeFiles/CMakeTmp »
make[1]: AVERTISSEMENT : décalage d'horloge détecté. La construction peut être incomplète.
make: AVERTISSEMENT : décalage d'horloge détecté. La construction peut être incomplète.


Parsed C implicit link information from above output:
  link line regex: [^( *|.*[/\])(ld|([^/\]+-)?ld|collect2)[^/\]*( |$)]
  ignore line: [Change Dir: /fs03/share/users/mathieu.badoux/home/tp_skinning/CMakeFiles/CMakeTmp]
  ignore line: []
  ignore line: [Run Build Command:/usr/bin/make "cmTryCompileExec3994852462/fast"]
  ignore line: [make: AVERTISSEMENT: fichier « Makefile » a une date de modification 0,055 dans le futur]
  ignore line: [/usr/bin/make -f CMakeFiles/cmTryCompileExec3994852462.dir/build.make CMakeFiles/cmTryCompileExec3994852462.dir/build]
  ignore line: [make[1]: entrant dans le répertoire « /fs03/share/users/mathieu.badoux/home/tp_skinning/CMakeFiles/CMakeTmp »]
  ignore line: [make[1]: AVERTISSEMENT: fichier « CMakeFiles/cmTryCompileExec3994852462.dir/flags.make » a une date de modification 0,045 dans le futur]
  ignore line: [/usr/bin/cmake -E cmake_progress_report /fs03/share/users/mathieu.badoux/home/tp_skinning/CMakeFiles/CMakeTmp/CMakeFiles 1]
  ignore line: [Building C object CMakeFiles/cmTryCompileExec3994852462.dir/CMakeCCompilerABI.c.o]
  ignore line: [/usr/bin/cc    -o CMakeFiles/cmTryCompileExec3994852462.dir/CMakeCCompilerABI.c.o   -c /usr/share/cmake-2.8/Modules/CMakeCCompilerABI.c]
  ignore line: [Linking C executable cmTryCompileExec3994852462]
  ignore line: [/usr/bin/cmake -E cmake_link_script CMakeFiles/cmTryCompileExec3994852462.dir/link.txt --verbose=1]
  ignore line: [/usr/bin/cc     -v CMakeFiles/cmTryCompileExec3994852462.dir/CMakeCCompilerABI.c.o  -o cmTryCompileExec3994852462 -rdynamic  ]
  ignore line: [Using built-in specs.]
  ignore line: [COLLECT_GCC=/usr/bin/cc]
  ignore line: [COLLECT_LTO_WRAPPER=/usr/lib/gcc/x86_64-linux-gnu/4.8/lto-wrapper]
  ignore line: [Target: x86_64-linux-gnu]
  ignore line: [Configured with: ../src/configure -v --with-pkgversion='Ubuntu 4.8.4-2ubuntu1~14.04.4' --with-bugurl=file:///usr/share/doc/gcc-4.8/README.Bugs --enable-languages=c,c++,java,go,d,fortran,objc,obj-c++ --prefix=/usr --program-suffix=-4.8 --enable-shared --enable-linker-build-id --libexecdir=/usr/lib --without-included-gettext --enable-threads=posix --with-gxx-include-dir=/usr/include/c++/4.8 --libdir=/usr/lib --enable-nls --with-sysroot=/ --enable-clocale=gnu --enable-libstdcxx-debug --enable-libstdcxx-time=yes --enable-gnu-unique-object --disable-libmudflap --enable-plugin --with-system-zlib --disable-browser-plugin --enable-java-awt=gtk --enable-gtk-cairo --with-java-home=/usr/lib/jvm/java-1.5.0-gcj-4.8-amd64/jre --enable-java-home --with-jvm-root-dir=/usr/lib/jvm/java-1.5.0-gcj-4.8-amd64 --with-jvm-jar-dir=/usr/lib/jvm-exports/java-1.5.0-gcj-4.8-amd64 --with-arch-directory=amd64 --with-ecj-jar=/usr/share/java/eclipse-ecj.jar --enable-objc-gc --enable-multiarch --disable-werror --with-arch-32=i686 --with-abi=m64 --with-multilib-list=m32,m64,mx32 --with-tune=generic --enable-checking=release --build=x86_64-linux-gnu --host=x86_64-linux-gnu --target=x86_64-linux-gnu]
  ignore line: [Thread model: posix]
  ignore line: [gcc version 4.8.4 (Ubuntu 4.8.4-2ubuntu1~14.04.4) ]
  ignore line: [COMPILER_PATH=/usr/lib/gcc/x86_64-linux-gnu/4.8/:/usr/lib/gcc/x86_64-linux-gnu/4.8/:/usr/lib/gcc/x86_64-linux-gnu/:/usr/lib/gcc/x86_64-linux-gnu/4.8/:/usr/lib/gcc/x86_64-linux-gnu/]
  ignore line: [LIBRARY_PATH=/usr/lib/gcc/x86_64-linux-gnu/4.8/:/usr/lib/gcc/x86_64-linux-gnu/4.8/../../../x86_64-linux-gnu/:/usr/lib/gcc/x86_64-linux-gnu/4.8/../../../../lib/:/lib/x86_64-linux-gnu/:/lib/../lib/:/usr/lib/x86_64-linux-gnu/:/usr/lib/../lib/:/usr/lib/gcc/x86_64-linux-gnu/4.8/../../../:/lib/:/usr/lib/]
  ignore line: [COLLECT_GCC_OPTIONS='-v' '-o' 'cmTryCompileExec3994852462' '-rdynamic' '-mtune=generic' '-march=x86-64']
  link line: [ /usr/lib/gcc/x86_64-linux-gnu/4.8/collect2 --sysroot=/ --build-id --eh-frame-hdr -m elf_x86_64 --hash-style=gnu --as-needed -export-dynamic -dynamic-linker /lib64/ld-linux-x86-64.so.2 -z relro -o cmTryCompileExec3994852462 /usr/lib/gcc/x86_64-linux-gnu/4.8/../../../x86_64-linux-gnu/crt1.o /usr/lib/gcc/x86_64-linux-gnu/4.8/../../../x86_64-linux-gnu/crti.o /usr/lib/gcc/x86_64-linux-gnu/4.8/crtbegin.o -L/usr/lib/gcc/x86_64-linux-gnu/4.8 -L/usr/lib/gcc/x86_64-linux-gnu/4.8/../../../x86_64-linux-gnu -L/usr/lib/gcc/x86_64-linux-gnu/4.8/../../../../lib -L/lib/x86_64-linux-gnu -L/lib/../lib -L/usr/lib/x86_64-linux-gnu -L/usr/lib/../lib -L/usr/lib/gcc/x86_64-linux-gnu/4.8/../../.. CMakeFiles/cmTryCompileExec3994852462.dir/CMakeCCompilerABI.c.o -lgcc --as-needed -lgcc_s --no-as-needed -lc -lgcc --as-needed -lgcc_s --no-as-needed /usr/lib/gcc/x86_64-linux-gnu/4.8/crtend.o /usr/lib/gcc/x86_64-linux-gnu/4.8/../../../x86_64-linux-gnu/crtn.o]
    arg [/usr/lib/gcc/x86_64-linux-gnu/4.8/collect2] ==> ignore
    arg [--sysroot=/] ==> ignore
    arg [--build-id] ==> ignore
    arg [--eh-frame-hdr] ==> ignore
    arg [-m] ==> ignore
    arg [elf_x86_64] ==> ignore
    arg [--hash-style=gnu] ==> ignore
    arg [--as-needed] ==> ignore
    arg [-export-dynamic] ==> ignore
    arg [-dynamic-linker] ==> ignore
    arg [/lib64/ld-linux-x86-64.so.2] ==> ignore
    arg [-zrelro] ==> ignore
    arg [-o] ==> ignore
    arg [cmTryCompileExec3994852462] ==> ignore
    arg [/usr/lib/gcc/x86_64-linux-gnu/4.8/../../../x86_64-linux-gnu/crt1.o] ==> ignore
    arg [/usr/lib/gcc/x86_64-linux-gnu/4.8/../../../x86_64-linux-gnu/crti.o] ==> ignore
    arg [/usr/lib/gcc/x86_64-linux-gnu/4.8/crtbegin.o] ==> ignore
    arg [-L/usr/lib/gcc/x86_64-linux-gnu/4.8] ==> dir [/usr/lib/gcc/x86_64-linux-gnu/4.8]
    arg [-L/usr/lib/gcc/x86_64-linux-gnu/4.8/../../../x86_64-linux-gnu] ==> dir [/usr/lib/gcc/x86_64-linux-gnu/4.8/../../../x86_64-linux-gnu]
    arg [-L/usr/lib/gcc/x86_64-linux-gnu/4.8/../../../../lib] ==> dir [/usr/lib/gcc/x86_64-linux-gnu/4.8/../../../../lib]
    arg [-L/lib/x86_64-linux-gnu] ==> dir [/lib/x86_64-linux-gnu]
    arg [-L/lib/../lib] ==> dir [/lib/../lib]
    arg [-L/usr/lib/x86_64-linux-gnu] ==> dir [/usr/lib/x86_64-linux-gnu]
    arg [-L/usr/lib/../lib] ==> dir [/usr/lib/../lib]
    arg [-L/usr/lib/gcc/x86_64-linux-gnu/4.8/../../..] ==> dir [/usr/lib/gcc/x86_64-linux-gnu/4.8/../../..]
    arg [CMakeFiles/cmTryCompileExec3994852462.dir/CMakeCCompilerABI.c.o] ==> ignore
    arg [-lgcc] ==> lib [gcc]
    arg [--as-needed] ==> ignore
    arg [-lgcc_s] ==> lib [gcc_s]
    arg [--no-as-needed] ==> ignore
    arg [-lc] ==> lib [c]
    arg [-lgcc] ==> lib [gcc]
    arg [--as-needed] ==> ignore
    arg [-lgcc_s] ==> lib [gcc_s]
    arg [--no-as-needed] ==> ignore
    arg [/usr/lib/gcc/x86_64-linux-gnu/4.8/crtend.o] ==> ignore
    arg [/usr/lib/gcc/x86_64-linux-gnu/4.8/../../../x86_64-linux-gnu/crtn.o] ==> ignore
  remove lib [gcc]
  remove lib [gcc_s]
  remove lib [gcc]
  remove lib [gcc_s]
  collapse library dir [/usr/lib/gcc/x86_64-linux-gnu/4.8] ==> [/usr/lib/gcc/x86_64-linux-gnu/4.8]
  collapse library dir [/usr/lib/gcc/x86_64-linux-gnu/4.8/../../../x86_64-linux-gnu] ==> [/usr/lib/x86_64-linux-gnu]
  collapse library dir [/usr/lib/gcc/x86_64-linux-gnu/4.8/../../../../lib] ==> [/usr/lib]
  collapse library dir [/lib/x86_64-linux-gnu] ==> [/lib/x86_64-linux-gnu]
  collapse library dir [/lib/../lib] ==> [/lib]
  collapse library dir [/usr/lib/x86_64-linux-gnu] ==> [/usr/lib/x86_64-linux-gnu]
  collapse library dir [/usr/lib/../lib] ==> [/usr/lib]
  collapse library dir [/usr/lib/gcc/x86_64-linux-gnu/4.8/../../..] ==> [/usr/lib]
  implicit libs: [c]
  implicit dirs: [/usr/lib/gcc/x86_64-linux-gnu/4.8;/usr/lib/x86_64-linux-gnu;/usr/lib;/lib/x86_64-linux-gnu;/lib]
  implicit fwks: []


Determining if the CXX compiler works passed with the following output:
Change Dir: /fs03/share/users/mathieu.badoux/home/tp_skinning/CMakeFiles/CMakeTmp

Run Build Command:/usr/bin/make "cmTryCompileExec1944583403/fast"
make: AVERTISSEMENT: fichier « Makefile » a une date de modification 0,053 dans le futur
/usr/bin/make -f CMakeFiles/cmTryCompileExec1944583403.dir/build.make CMakeFiles/cmTryCompileExec1944583403.dir/build
make[1]: entrant dans le répertoire « /fs03/share/users/mathieu.badoux/home/tp_skinning/CMakeFiles/CMakeTmp »
make[1]: AVERTISSEMENT: fichier « CMakeFiles/cmTryCompileExec1944583403.dir/flags.make » a une date de modification 0,043 dans le futur
/usr/bin/cmake -E cmake_progress_report /fs03/share/users/mathieu.badoux/home/tp_skinning/CMakeFiles/CMakeTmp/CMakeFiles 1
Building CXX object CMakeFiles/cmTryCompileExec1944583403.dir/testCXXCompiler.cxx.o
/usr/bin/c++     -o CMakeFiles/cmTryCompileExec1944583403.dir/testCXXCompiler.cxx.o -c /fs03/share/users/mathieu.badoux/home/tp_skinning/CMakeFiles/CMakeTmp/testCXXCompiler.cxx
Linking CXX executable cmTryCompileExec1944583403
/usr/bin/cmake -E cmake_link_script CMakeFiles/cmTryCompileExec1944583403.dir/link.txt --verbose=1
/usr/bin/c++        CMakeFiles/cmTryCompileExec1944583403.dir/testCXXCompiler.cxx.o  -o cmTryCompileExec1944583403 -rdynamic 
make[1]: quittant le répertoire « /fs03/share/users/mathieu.badoux/home/tp_skinning/CMakeFiles/CMakeTmp »
make[1]: AVERTISSEMENT : décalage d'horloge détecté. La construction peut être incomplète.
make: AVERTISSEMENT : décalage d'horloge détecté. La construction peut être incomplète.


Detecting CXX compiler ABI info compiled with the following output:
Change Dir: /fs03/share/users/mathieu.badoux/home/tp_skinning/CMakeFiles/CMakeTmp

Run Build Command:/usr/bin/make "cmTryCompileExec2236215002/fast"
make: AVERTISSEMENT: fichier « Makefile » a une date de modification 0,063 dans le futur
/usr/bin/make -f CMakeFiles/cmTryCompileExec2236215002.dir/build.make CMakeFiles/cmTryCompileExec2236215002.dir/build
make[1]: entrant dans le répertoire « /fs03/share/users/mathieu.badoux/home/tp_skinning/CMakeFiles/CMakeTmp »
make[1]: AVERTISSEMENT: fichier « CMakeFiles/cmTryCompileExec2236215002.dir/flags.make » a une date de modification 0,06 dans le futur
/usr/bin/cmake -E cmake_progress_report /fs03/share/users/mathieu.badoux/home/tp_skinning/CMakeFiles/CMakeTmp/CMakeFiles 1
Building CXX object CMakeFiles/cmTryCompileExec2236215002.dir/CMakeCXXCompilerABI.cpp.o
/usr/bin/c++     -o CMakeFiles/cmTryCompileExec2236215002.dir/CMakeCXXCompilerABI.cpp.o -c /usr/share/cmake-2.8/Modules/CMakeCXXCompilerABI.cpp
Linking CXX executable cmTryCompileExec2236215002
/usr/bin/cmake -E cmake_link_script CMakeFiles/cmTryCompileExec2236215002.dir/link.txt --verbose=1
/usr/bin/c++      -v CMakeFiles/cmTryCompileExec2236215002.dir/CMakeCXXCompilerABI.cpp.o  -o cmTryCompileExec2236215002 -rdynamic  
Using built-in specs.
COLLECT_GCC=/usr/bin/c++
COLLECT_LTO_WRAPPER=/usr/lib/gcc/x86_64-linux-gnu/4.8/lto-wrapper
Target: x86_64-linux-gnu
Configured with: ../src/configure -v --with-pkgversion='Ubuntu 4.8.4-2ubuntu1~14.04.4' --with-bugurl=file:///usr/share/doc/gcc-4.8/README.Bugs --enable-languages=c,c++,java,go,d,fortran,objc,obj-c++ --prefix=/usr --program-suffix=-4.8 --enable-shared --enable-linker-build-id --libexecdir=/usr/lib --without-included-gettext --enable-threads=posix --with-gxx-include-dir=/usr/include/c++/4.8 --libdir=/usr/lib --enable-nls --with-sysroot=/ --enable-clocale=gnu --enable-libstdcxx-debug --enable-libstdcxx-time=yes --enable-gnu-unique-object --disable-libmudflap --enable-plugin --with-system-zlib --disable-browser-plugin --enable-java-awt=gtk --enable-gtk-cairo --with-java-home=/usr/lib/jvm/java-1.5.0-gcj-4.8-amd64/jre --enable-java-home --with-jvm-root-dir=/usr/lib/jvm/java-1.5.0-gcj-4.8-amd64 --with-jvm-jar-dir=/usr/lib/jvm-exports/java-1.5.0-gcj-4.8-amd64 --with-arch-directory=amd64 --with-ecj-jar=/usr/share/java/eclipse-ecj.jar --enable-objc-gc --enable-multiarch --disable-werror --with-arch-32=i686 --with-abi=m64 --with-multilib-list=m32,m64,mx32 --with-tune=generic --enable-checking=release --build=x86_64-linux-gnu --host=x86_64-linux-gnu --target=x86_64-linux-gnu
Thread model: posix
gcc version 4.8.4 (Ubuntu 4.8.4-2ubuntu1~14.04.4) 
COMPILER_PATH=/usr/lib/gcc/x86_64-linux-gnu/4.8/:/usr/lib/gcc/x86_64-linux-gnu/4.8/:/usr/lib/gcc/x86_64-linux-gnu/:/usr/lib/gcc/x86_64-linux-gnu/4.8/:/usr/lib/gcc/x86_64-linux-gnu/
LIBRARY_PATH=/usr/lib/gcc/x86_64-linux-gnu/4.8/:/usr/lib/gcc/x86_64-linux-gnu/4.8/../../../x86_64-linux-gnu/:/usr/lib/gcc/x86_64-linux-gnu/4.8/../../../../lib/:/lib/x86_64-linux-gnu/:/lib/../lib/:/usr/lib/x86_64-linux-gnu/:/usr/lib/../lib/:/usr/lib/gcc/x86_64-linux-gnu/4.8/../../../:/lib/:/usr/lib/
COLLECT_GCC_OPTIONS='-v' '-o' 'cmTryCompileExec2236215002' '-rdynamic' '-shared-libgcc' '-mtune=generic' '-march=x86-64'
 /usr/lib/gcc/x86_64-linux-gnu/4.8/collect2 --sysroot=/ --build-id --eh-frame-hdr -m elf_x86_64 --hash-style=gnu --as-needed -export-dynamic -dynamic-linker /lib64/ld-linux-x86-64.so.2 -z relro -o cmTryCompileExec2236215002 /usr/lib/gcc/x86_64-linux-gnu/4.8/../../../x86_64-linux-gnu/crt1.o /usr/lib/gcc/x86_64-linux-gnu/4.8/../../../x86_64-linux-gnu/crti.o /usr/lib/gcc/x86_64-linux-gnu/4.8/crtbegin.o -L/usr/lib/gcc/x86_64-linux-gnu/4.8 -L/usr/lib/gcc/x86_64-linux-gnu/4.8/../../../x86_64-linux-gnu -L/usr/lib/gcc/x86_64-linux-gnu/4.8/../../../../lib -L/lib/x86_64-linux-gnu -L/lib/../lib -L/usr/lib/x86_64-linux-gnu -L/usr/lib/../lib -L/usr/lib/gcc/x86_64-linux-gnu/4.8/../../.. CMakeFiles/cmTryCompileExec2236215002.dir/CMakeCXXCompilerABI.cpp.o -lstdc++ -lm -lgcc_s -lgcc -lc -lgcc_s -lgcc /usr/lib/gcc/x86_64-linux-gnu/4.8/crtend.o /usr/lib/gcc/x86_64-linux-gnu/4.8/../../../x86_64-linux-gnu/crtn.o
make[1]: AVERTISSEMENT : décalage d'horloge détecté. La construction peut être incomplète.
make[1]: quittant le répertoire « /fs03/share/users/mathieu.badoux/home/tp_skinning/CMakeFiles/CMakeTmp »
make: AVERTISSEMENT : décalage d'horloge détecté. La construction peut être incomplète.


Parsed CXX implicit link information from above output:
  link line regex: [^( *|.*[/\])(ld|([^/\]+-)?ld|collect2)[^/\]*( |$)]
  ignore line: [Change Dir: /fs03/share/users/mathieu.badoux/home/tp_skinning/CMakeFiles/CMakeTmp]
  ignore line: []
  ignore line: [Run Build Command:/usr/bin/make "cmTryCompileExec2236215002/fast"]
  ignore line: [make: AVERTISSEMENT: fichier « Makefile » a une date de modification 0,063 dans le futur]
  ignore line: [/usr/bin/make -f CMakeFiles/cmTryCompileExec2236215002.dir/build.make CMakeFiles/cmTryCompileExec2236215002.dir/build]
  ignore line: [make[1]: entrant dans le répertoire « /fs03/share/users/mathieu.badoux/home/tp_skinning/CMakeFiles/CMakeTmp »]
  ignore line: [make[1]: AVERTISSEMENT: fichier « CMakeFiles/cmTryCompileExec2236215002.dir/flags.make » a une date de modification 0,06 dans le futur]
  ignore line: [/usr/bin/cmake -E cmake_progress_report /fs03/share/users/mathieu.badoux/home/tp_skinning/CMakeFiles/CMakeTmp/CMakeFiles 1]
  ignore line: [Building CXX object CMakeFiles/cmTryCompileExec2236215002.dir/CMakeCXXCompilerABI.cpp.o]
  ignore line: [/usr/bin/c++     -o CMakeFiles/cmTryCompileExec2236215002.dir/CMakeCXXCompilerABI.cpp.o -c /usr/share/cmake-2.8/Modules/CMakeCXXCompilerABI.cpp]
  ignore line: [Linking CXX executable cmTryCompileExec2236215002]
  ignore line: [/usr/bin/cmake -E cmake_link_script CMakeFiles/cmTryCompileExec2236215002.dir/link.txt --verbose=1]
  ignore line: [/usr/bin/c++      -v CMakeFiles/cmTryCompileExec2236215002.dir/CMakeCXXCompilerABI.cpp.o  -o cmTryCompileExec2236215002 -rdynamic  ]
  ignore line: [Using built-in specs.]
  ignore line: [COLLECT_GCC=/usr/bin/c++]
  ignore line: [COLLECT_LTO_WRAPPER=/usr/lib/gcc/x86_64-linux-gnu/4.8/lto-wrapper]
  ignore line: [Target: x86_64-linux-gnu]
  ignore line: [Configured with: ../src/configure -v --with-pkgversion='Ubuntu 4.8.4-2ubuntu1~14.04.4' --with-bugurl=file:///usr/share/doc/gcc-4.8/README.Bugs --enable-languages=c,c++,java,go,d,fortran,objc,obj-c++ --prefix=/usr --program-suffix=-4.8 --enable-shared --enable-linker-build-id --libexecdir=/usr/lib --without-included-gettext --enable-threads=posix --with-gxx-include-dir=/usr/include/c++/4.8 --libdir=/usr/lib --enable-nls --with-sysroot=/ --enable-clocale=gnu --enable-libstdcxx-debug --enable-libstdcxx-time=yes --enable-gnu-unique-object --disable-libmudflap --enable-plugin --with-system-zlib --disable-browser-plugin --enable-java-awt=gtk --enable-gtk-cairo --with-java-home=/usr/lib/jvm/java-1.5.0-gcj-4.8-amd64/jre --enable-java-home --with-jvm-root-dir=/usr/lib/jvm/java-1.5.0-gcj-4.8-amd64 --with-jvm-jar-dir=/usr/lib/jvm-exports/java-1.5.0-gcj-4.8-amd64 --with-arch-directory=amd64 --with-ecj-jar=/usr/share/java/eclipse-ecj.jar --enable-objc-gc --enable-multiarch --disable-werror --with-arch-32=i686 --with-abi=m64 --with-multilib-list=m32,m64,mx32 --with-tune=generic --enable-checking=release --build=x86_64-linux-gnu --host=x86_64-linux-gnu --target=x86_64-linux-gnu]
  ignore line: [Thread model: posix]
  ignore line: [gcc version 4.8.4 (Ubuntu 4.8.4-2ubuntu1~14.04.4) ]
  ignore line: [COMPILER_PATH=/usr/lib/gcc/x86_64-linux-gnu/4.8/:/usr/lib/gcc/x86_64-linux-gnu/4.8/:/usr/lib/gcc/x86_64-linux-gnu/:/usr/lib/gcc/x86_64-linux-gnu/4.8/:/usr/lib/gcc/x86_64-linux-gnu/]
  ignore line: [LIBRARY_PATH=/usr/lib/gcc/x86_64-linux-gnu/4.8/:/usr/lib/gcc/x86_64-linux-gnu/4.8/../../../x86_64-linux-gnu/:/usr/lib/gcc/x86_64-linux-gnu/4.8/../../../../lib/:/lib/x86_64-linux-gnu/:/lib/../lib/:/usr/lib/x86_64-linux-gnu/:/usr/lib/../lib/:/usr/lib/gcc/x86_64-linux-gnu/4.8/../../../:/lib/:/usr/lib/]
  ignore line: [COLLECT_GCC_OPTIONS='-v' '-o' 'cmTryCompileExec2236215002' '-rdynamic' '-shared-libgcc' '-mtune=generic' '-march=x86-64']
  link line: [ /usr/lib/gcc/x86_64-linux-gnu/4.8/collect2 --sysroot=/ --build-id --eh-frame-hdr -m elf_x86_64 --hash-style=gnu --as-needed -export-dynamic -dynamic-linker /lib64/ld-linux-x86-64.so.2 -z relro -o cmTryCompileExec2236215002 /usr/lib/gcc/x86_64-linux-gnu/4.8/../../../x86_64-linux-gnu/crt1.o /usr/lib/gcc/x86_64-linux-gnu/4.8/../../../x86_64-linux-gnu/crti.o /usr/lib/gcc/x86_64-linux-gnu/4.8/crtbegin.o -L/usr/lib/gcc/x86_64-linux-gnu/4.8 -L/usr/lib/gcc/x86_64-linux-gnu/4.8/../../../x86_64-linux-gnu -L/usr/lib/gcc/x86_64-linux-gnu/4.8/../../../../lib -L/lib/x86_64-linux-gnu -L/lib/../lib -L/usr/lib/x86_64-linux-gnu -L/usr/lib/../lib -L/usr/lib/gcc/x86_64-linux-gnu/4.8/../../.. CMakeFiles/cmTryCompileExec2236215002.dir/CMakeCXXCompilerABI.cpp.o -lstdc++ -lm -lgcc_s -lgcc -lc -lgcc_s -lgcc /usr/lib/gcc/x86_64-linux-gnu/4.8/crtend.o /usr/lib/gcc/x86_64-linux-gnu/4.8/../../../x86_64-linux-gnu/crtn.o]
    arg [/usr/lib/gcc/x86_64-linux-gnu/4.8/collect2] ==> ignore
    arg [--sysroot=/] ==> ignore
    arg [--build-id] ==> ignore
    arg [--eh-frame-hdr] ==> ignore
    arg [-m] ==> ignore
    arg [elf_x86_64] ==> ignore
    arg [--hash-style=gnu] ==> ignore
    arg [--as-needed] ==> ignore
    arg [-export-dynamic] ==> ignore
    arg [-dynamic-linker] ==> ignore
    arg [/lib64/ld-linux-x86-64.so.2] ==> ignore
    arg [-zrelro] ==> ignore
    arg [-o] ==> ignore
    arg [cmTryCompileExec2236215002] ==> ignore
    arg [/usr/lib/gcc/x86_64-linux-gnu/4.8/../../../x86_64-linux-gnu/crt1.o] ==> ignore
    arg [/usr/lib/gcc/x86_64-linux-gnu/4.8/../../../x86_64-linux-gnu/crti.o] ==> ignore
    arg [/usr/lib/gcc/x86_64-linux-gnu/4.8/crtbegin.o] ==> ignore
    arg [-L/usr/lib/gcc/x86_64-linux-gnu/4.8] ==> dir [/usr/lib/gcc/x86_64-linux-gnu/4.8]
    arg [-L/usr/lib/gcc/x86_64-linux-gnu/4.8/../../../x86_64-linux-gnu] ==> dir [/usr/lib/gcc/x86_64-linux-gnu/4.8/../../../x86_64-linux-gnu]
    arg [-L/usr/lib/gcc/x86_64-linux-gnu/4.8/../../../../lib] ==> dir [/usr/lib/gcc/x86_64-linux-gnu/4.8/../../../../lib]
    arg [-L/lib/x86_64-linux-gnu] ==> dir [/lib/x86_64-linux-gnu]
    arg [-L/lib/../lib] ==> dir [/lib/../lib]
    arg [-L/usr/lib/x86_64-linux-gnu] ==> dir [/usr/lib/x86_64-linux-gnu]
    arg [-L/usr/lib/../lib] ==> dir [/usr/lib/../lib]
    arg [-L/usr/lib/gcc/x86_64-linux-gnu/4.8/../../..] ==> dir [/usr/lib/gcc/x86_64-linux-gnu/4.8/../../..]
    arg [CMakeFiles/cmTryCompileExec2236215002.dir/CMakeCXXCompilerABI.cpp.o] ==> ignore
    arg [-lstdc++] ==> lib [stdc++]
    arg [-lm] ==> lib [m]
    arg [-lgcc_s] ==> lib [gcc_s]
    arg [-lgcc] ==> lib [gcc]
    arg [-lc] ==> lib [c]
    arg [-lgcc_s] ==> lib [gcc_s]
    arg [-lgcc] ==> lib [gcc]
    arg [/usr/lib/gcc/x86_64-linux-gnu/4.8/crtend.o] ==> ignore
    arg [/usr/lib/gcc/x86_64-linux-gnu/4.8/../../../x86_64-linux-gnu/crtn.o] ==> ignore
  remove lib [gcc_s]
  remove lib [gcc]
  remove lib [gcc_s]
  remove lib [gcc]
  collapse library dir [/usr/lib/gcc/x86_64-linux-gnu/4.8] ==> [/usr/lib/gcc/x86_64-linux-gnu/4.8]
  collapse library dir [/usr/lib/gcc/x86_64-linux-gnu/4.8/../../../x86_64-linux-gnu] ==> [/usr/lib/x86_64-linux-gnu]
  collapse library dir [/usr/lib/gcc/x86_64-linux-gnu/4.8/../../../../lib] ==> [/usr/lib]
  collapse library dir [/lib/x86_64-linux-gnu] ==> [/lib/x86_64-linux-gnu]
  collapse library dir [/lib/../lib] ==> [/lib]
  collapse library dir [/usr/lib/x86_64-linux-gnu] ==> [/usr/lib/x86_64-linux-gnu]
  collapse library dir [/usr/lib/../lib] ==> [/usr/lib]
  collapse library dir [/usr/lib/gcc/x86_64-linux-gnu/4.8/../../..] ==> [/usr/lib]
  implicit libs: [stdc++;m;c]
  implicit dirs: [/usr/lib/gcc/x86_64-linux-gnu/4.8;/usr/lib/x86_64-linux-gnu;/usr/lib;/lib/x86_64-linux-gnu;/lib]
  implicit fwks: []


Determining if the Q_WS_X11 exist passed with the following output:
Change Dir: /fs03/share/users/mathieu.badoux/home/tp_skinning/CMakeFiles/CMakeTmp

Run Build Command:/usr/bin/make "cmTryCompileExec4020220268/fast"
make: AVERTISSEMENT: fichier « Makefile » a une date de modification 0,059 dans le futur
/usr/bin/make -f CMakeFiles/cmTryCompileExec4020220268.dir/build.make CMakeFiles/cmTryCompileExec4020220268.dir/build
make[1]: entrant dans le répertoire « /fs03/share/users/mathieu.badoux/home/tp_skinning/CMakeFiles/CMakeTmp »
make[1]: AVERTISSEMENT: fichier « CMakeFiles/cmTryCompileExec4020220268.dir/flags.make » a une date de modification 0,057 dans le futur
/usr/bin/cmake -E cmake_progress_report /fs03/share/users/mathieu.badoux/home/tp_skinning/CMakeFiles/CMakeTmp/CMakeFiles 1
Building CXX object CMakeFiles/cmTryCompileExec4020220268.dir/CheckSymbolExists.cxx.o
/usr/bin/c++    -I/usr/include/qt4    -o CMakeFiles/cmTryCompileExec4020220268.dir/CheckSymbolExists.cxx.o -c /fs03/share/users/mathieu.badoux/home/tp_skinning/CMakeFiles/CMakeTmp/CheckSymbolExists.cxx
Linking CXX executable cmTryCompileExec4020220268
/usr/bin/cmake -E cmake_link_script CMakeFiles/cmTryCompileExec4020220268.dir/link.txt --verbose=1
/usr/bin/c++        CMakeFiles/cmTryCompileExec4020220268.dir/CheckSymbolExists.cxx.o  -o cmTryCompileExec4020220268 -rdynamic 
make[1]: quittant le répertoire « /fs03/share/users/mathieu.badoux/home/tp_skinning/CMakeFiles/CMakeTmp »
make[1]: AVERTISSEMENT : décalage d'horloge détecté. La construction peut être incomplète.
make: AVERTISSEMENT : décalage d'horloge détecté. La construction peut être incomplète.

File /fs03/share/users/mathieu.badoux/home/tp_skinning/CMakeFiles/CMakeTmp/CheckSymbolExists.cxx:
/* */
#include <QtCore/qglobal.h>

int main(int argc, char** argv)
{
  (void)argv;
#ifndef Q_WS_X11
  return ((int*)(&Q_WS_X11))[argc];
#else
  (void)argc;
  return 0;
#endif
}

Determining if the function XOpenDisplay exists in the /usr/lib/x86_64-linux-gnu/libX11.so;/usr/lib/x86_64-linux-gnu/libXext.so passed with the following output:
Change Dir: /fs03/share/users/mathieu.badoux/home/tp_skinning/CMakeFiles/CMakeTmp

Run Build Command:/usr/bin/make "cmTryCompileExec632237086/fast"
make: AVERTISSEMENT: fichier « Makefile » a une date de modification 0,063 dans le futur
/usr/bin/make -f CMakeFiles/cmTryCompileExec632237086.dir/build.make CMakeFiles/cmTryCompileExec632237086.dir/build
make[1]: entrant dans le répertoire « /fs03/share/users/mathieu.badoux/home/tp_skinning/CMakeFiles/CMakeTmp »
make[1]: AVERTISSEMENT: fichier « CMakeFiles/cmTryCompileExec632237086.dir/flags.make » a une date de modification 0,06 dans le futur
/usr/bin/cmake -E cmake_progress_report /fs03/share/users/mathieu.badoux/home/tp_skinning/CMakeFiles/CMakeTmp/CMakeFiles 1
Building C object CMakeFiles/cmTryCompileExec632237086.dir/CheckFunctionExists.c.o
/usr/bin/cc   -DCHECK_FUNCTION_EXISTS=XOpenDisplay   -o CMakeFiles/cmTryCompileExec632237086.dir/CheckFunctionExists.c.o   -c /usr/share/cmake-2.8/Modules/CheckFunctionExists.c
Linking C executable cmTryCompileExec632237086
/usr/bin/cmake -E cmake_link_script CMakeFiles/cmTryCompileExec632237086.dir/link.txt --verbose=1
/usr/bin/cc   -DCHECK_FUNCTION_EXISTS=XOpenDisplay    CMakeFiles/cmTryCompileExec632237086.dir/CheckFunctionExists.c.o  -o cmTryCompileExec632237086 -rdynamic -lX11 -lXext 
make[1]: quittant le répertoire « /fs03/share/users/mathieu.badoux/home/tp_skinning/CMakeFiles/CMakeTmp »
make[1]: AVERTISSEMENT : décalage d'horloge détecté. La construction peut être incomplète.
make: AVERTISSEMENT : décalage d'horloge détecté. La construction peut être incomplète.


Determining if the function gethostbyname exists passed with the following output:
Change Dir: /fs03/share/users/mathieu.badoux/home/tp_skinning/CMakeFiles/CMakeTmp

Run Build Command:/usr/bin/make "cmTryCompileExec3109514581/fast"
make: AVERTISSEMENT: fichier « Makefile » a une date de modification 0,059 dans le futur
/usr/bin/make -f CMakeFiles/cmTryCompileExec3109514581.dir/build.make CMakeFiles/cmTryCompileExec3109514581.dir/build
make[1]: entrant dans le répertoire « /fs03/share/users/mathieu.badoux/home/tp_skinning/CMakeFiles/CMakeTmp »
make[1]: AVERTISSEMENT: fichier « CMakeFiles/cmTryCompileExec3109514581.dir/flags.make » a une date de modification 0,054 dans le futur
/usr/bin/cmake -E cmake_progress_report /fs03/share/users/mathieu.badoux/home/tp_skinning/CMakeFiles/CMakeTmp/CMakeFiles 1
Building C object CMakeFiles/cmTryCompileExec3109514581.dir/CheckFunctionExists.c.o
/usr/bin/cc   -DCHECK_FUNCTION_EXISTS=gethostbyname   -o CMakeFiles/cmTryCompileExec3109514581.dir/CheckFunctionExists.c.o   -c /usr/share/cmake-2.8/Modules/CheckFunctionExists.c
Linking C executable cmTryCompileExec3109514581
/usr/bin/cmake -E cmake_link_script CMakeFiles/cmTryCompileExec3109514581.dir/link.txt --verbose=1
/usr/bin/cc   -DCHECK_FUNCTION_EXISTS=gethostbyname    CMakeFiles/cmTryCompileExec3109514581.dir/CheckFunctionExists.c.o  -o cmTryCompileExec3109514581 -rdynamic 
make[1]: quittant le répertoire « /fs03/share/users/mathieu.badoux/home/tp_skinning/CMakeFiles/CMakeTmp »
make[1]: AVERTISSEMENT : décalage d'horloge détecté. La construction peut être incomplète.
make: AVERTISSEMENT : décalage d'horloge détecté. La construction peut être incomplète.


Determining if the function connect exists passed with the following output:
Change Dir: /fs03/share/users/mathieu.badoux/home/tp_skinning/CMakeFiles/CMakeTmp

Run Build Command:/usr/bin/make "cmTryCompileExec3180139509/fast"
make: AVERTISSEMENT: fichier « Makefile » a une date de modification 0,052 dans le futur
/usr/bin/make -f CMakeFiles/cmTryCompileExec3180139509.dir/build.make CMakeFiles/cmTryCompileExec3180139509.dir/build
make[1]: entrant dans le répertoire « /fs03/share/users/mathieu.badoux/home/tp_skinning/CMakeFiles/CMakeTmp »
make[1]: AVERTISSEMENT: fichier « CMakeFiles/cmTryCompileExec3180139509.dir/flags.make » a une date de modification 0,042 dans le futur
/usr/bin/cmake -E cmake_progress_report /fs03/share/users/mathieu.badoux/home/tp_skinning/CMakeFiles/CMakeTmp/CMakeFiles 1
Building C object CMakeFiles/cmTryCompileExec3180139509.dir/CheckFunctionExists.c.o
/usr/bin/cc   -DCHECK_FUNCTION_EXISTS=connect   -o CMakeFiles/cmTryCompileExec3180139509.dir/CheckFunctionExists.c.o   -c /usr/share/cmake-2.8/Modules/CheckFunctionExists.c
Linking C executable cmTryCompileExec3180139509
/usr/bin/cmake -E cmake_link_script CMakeFiles/cmTryCompileExec3180139509.dir/link.txt --verbose=1
/usr/bin/cc   -DCHECK_FUNCTION_EXISTS=connect    CMakeFiles/cmTryCompileExec3180139509.dir/CheckFunctionExists.c.o  -o cmTryCompileExec3180139509 -rdynamic 
make[1]: quittant le répertoire « /fs03/share/users/mathieu.badoux/home/tp_skinning/CMakeFiles/CMakeTmp »
make[1]: AVERTISSEMENT : décalage d'horloge détecté. La construction peut être incomplète.
make: AVERTISSEMENT : décalage d'horloge détecté. La construction peut être incomplète.


Determining if the function remove exists passed with the following output:
Change Dir: /fs03/share/users/mathieu.badoux/home/tp_skinning/CMakeFiles/CMakeTmp

Run Build Command:/usr/bin/make "cmTryCompileExec3083327117/fast"
make: AVERTISSEMENT: fichier « Makefile » a une date de modification 0,058 dans le futur
/usr/bin/make -f CMakeFiles/cmTryCompileExec3083327117.dir/build.make CMakeFiles/cmTryCompileExec3083327117.dir/build
make[1]: entrant dans le répertoire « /fs03/share/users/mathieu.badoux/home/tp_skinning/CMakeFiles/CMakeTmp »
make[1]: AVERTISSEMENT: fichier « CMakeFiles/cmTryCompileExec3083327117.dir/flags.make » a une date de modification 0,054 dans le futur
/usr/bin/cmake -E cmake_progress_report /fs03/share/users/mathieu.badoux/home/tp_skinning/CMakeFiles/CMakeTmp/CMakeFiles 1
Building C object CMakeFiles/cmTryCompileExec3083327117.dir/CheckFunctionExists.c.o
/usr/bin/cc   -DCHECK_FUNCTION_EXISTS=remove   -o CMakeFiles/cmTryCompileExec3083327117.dir/CheckFunctionExists.c.o   -c /usr/share/cmake-2.8/Modules/CheckFunctionExists.c
Linking C executable cmTryCompileExec3083327117
/usr/bin/cmake -E cmake_link_script CMakeFiles/cmTryCompileExec3083327117.dir/link.txt --verbose=1
/usr/bin/cc   -DCHECK_FUNCTION_EXISTS=remove    CMakeFiles/cmTryCompileExec3083327117.dir/CheckFunctionExists.c.o  -o cmTryCompileExec3083327117 -rdynamic 
make[1]: quittant le répertoire « /fs03/share/users/mathieu.badoux/home/tp_skinning/CMakeFiles/CMakeTmp »
make[1]: AVERTISSEMENT : décalage d'horloge détecté. La construction peut être incomplète.
make: AVERTISSEMENT : décalage d'horloge détecté. La construction peut être incomplète.


Determining if the function shmat exists passed with the following output:
Change Dir: /fs03/share/users/mathieu.badoux/home/tp_skinning/CMakeFiles/CMakeTmp

Run Build Command:/usr/bin/make "cmTryCompileExec207858346/fast"
make: AVERTISSEMENT: fichier « Makefile » a une date de modification 0,059 dans le futur
/usr/bin/make -f CMakeFiles/cmTryCompileExec207858346.dir/build.make CMakeFiles/cmTryCompileExec207858346.dir/build
make[1]: entrant dans le répertoire « /fs03/share/users/mathieu.badoux/home/tp_skinning/CMakeFiles/CMakeTmp »
make[1]: AVERTISSEMENT: fichier « CMakeFiles/cmTryCompileExec207858346.dir/flags.make » a une date de modification 0,056 dans le futur
/usr/bin/cmake -E cmake_progress_report /fs03/share/users/mathieu.badoux/home/tp_skinning/CMakeFiles/CMakeTmp/CMakeFiles 1
Building C object CMakeFiles/cmTryCompileExec207858346.dir/CheckFunctionExists.c.o
/usr/bin/cc   -DCHECK_FUNCTION_EXISTS=shmat   -o CMakeFiles/cmTryCompileExec207858346.dir/CheckFunctionExists.c.o   -c /usr/share/cmake-2.8/Modules/CheckFunctionExists.c
Linking C executable cmTryCompileExec207858346
/usr/bin/cmake -E cmake_link_script CMakeFiles/cmTryCompileExec207858346.dir/link.txt --verbose=1
/usr/bin/cc   -DCHECK_FUNCTION_EXISTS=shmat    CMakeFiles/cmTryCompileExec207858346.dir/CheckFunctionExists.c.o  -o cmTryCompileExec207858346 -rdynamic 
make[1]: AVERTISSEMENT : décalage d'horloge détecté. La construction peut être incomplète.
make[1]: quittant le répertoire « /fs03/share/users/mathieu.badoux/home/tp_skinning/CMakeFiles/CMakeTmp »
make: AVERTISSEMENT : décalage d'horloge détecté. La construction peut être incomplète.


Determining if the function IceConnectionNumber exists in the ICE passed with the following output:
Change Dir: /fs03/share/users/mathieu.badoux/home/tp_skinning/CMakeFiles/CMakeTmp

Run Build Command:/usr/bin/make "cmTryCompileExec2469714164/fast"
/usr/bin/make -f CMakeFiles/cmTryCompileExec2469714164.dir/build.make CMakeFiles/cmTryCompileExec2469714164.dir/build
make: AVERTISSEMENT: fichier « Makefile » a une date de modification 0,056 dans le futur
make[1]: entrant dans le répertoire « /fs03/share/users/mathieu.badoux/home/tp_skinning/CMakeFiles/CMakeTmp »
make[1]: AVERTISSEMENT: fichier « CMakeFiles/cmTryCompileExec2469714164.dir/flags.make » a une date de modification 0,049 dans le futur
/usr/bin/cmake -E cmake_progress_report /fs03/share/users/mathieu.badoux/home/tp_skinning/CMakeFiles/CMakeTmp/CMakeFiles 1
Building C object CMakeFiles/cmTryCompileExec2469714164.dir/CheckFunctionExists.c.o
/usr/bin/cc   -DCHECK_FUNCTION_EXISTS=IceConnectionNumber   -o CMakeFiles/cmTryCompileExec2469714164.dir/CheckFunctionExists.c.o   -c /usr/share/cmake-2.8/Modules/CheckFunctionExists.c
Linking C executable cmTryCompileExec2469714164
/usr/bin/cmake -E cmake_link_script CMakeFiles/cmTryCompileExec2469714164.dir/link.txt --verbose=1
/usr/bin/cc   -DCHECK_FUNCTION_EXISTS=IceConnectionNumber    CMakeFiles/cmTryCompileExec2469714164.dir/CheckFunctionExists.c.o  -o cmTryCompileExec2469714164 -rdynamic -lICE 
make[1]: AVERTISSEMENT : décalage d'horloge détecté. La construction peut être incomplète.
make[1]: quittant le répertoire « /fs03/share/users/mathieu.badoux/home/tp_skinning/CMakeFiles/CMakeTmp »
make: AVERTISSEMENT : décalage d'horloge détecté. La construction peut être incomplète.


